Arguments: 
  /usr/local/bin/node /usr/local/bin/yarn add @/undefined

PATH: 
  /Users/macbook/Desktop/BACKEND SOLIDIFIED /4-NATOURS/node_modules/.bin:/Users/macbook/Desktop/BACKEND SOLIDIFIED /node_modules/.bin:/Users/macbook/Desktop/node_modules/.bin:/Users/macbook/node_modules/.bin:/Users/node_modules/.bin:/node_modules/.bin:/usr/local/lib/node_modules/npm/node_modules/@npmcli/run-script/lib/node-gyp-bin:/usr/local/bin:/usr/local/sbin:/usr/local/bin:/usr/bin:/bin:/usr/sbin:/sbin:/usr/local/sbin

Yarn version: 
  1.22.19

Node version: 
  18.16.0

Platform: 
  darwin x64

Trace: 
  Error: https://registry.yarnpkg.com/@%2fundefined: Not found
      at params.callback [as _callback] (/usr/local/lib/node_modules/yarn/lib/cli.js:66145:18)
      at self.callback (/usr/local/lib/node_modules/yarn/lib/cli.js:140890:22)
      at Request.emit (node:events:513:28)
      at Request.<anonymous> (/usr/local/lib/node_modules/yarn/lib/cli.js:141862:10)
      at Request.emit (node:events:513:28)
      at IncomingMessage.<anonymous> (/usr/local/lib/node_modules/yarn/lib/cli.js:141784:12)
      at Object.onceWrapper (node:events:627:28)
      at IncomingMessage.emit (node:events:525:35)
      at endReadableNT (node:internal/streams/readable:1359:12)
      at process.processTicksAndRejections (node:internal/process/task_queues:82:21)

npm manifest: 
  {
    "name": "natours",
    "version": "1.0.0",
    "description": "Learning node, express, mongoDB",
    "main": " app.js",
    "scripts": {
      "start": "nodemon server.js",
      "start:prod": "NODE_ENV=production nodemon server.js",
      "debug": "ndb server.js",
      "watch:js": "parcel watch ./public/js/index.js --out-dir ./public/js --out-file bundle.js",
      "build:js": "parcel watch ./public/js/index.js --out-dir ./public/js --out-file bundle.js"
    },
    "author": "James Olanipekun",
    "license": "ISC",
    "dependencies": {
      "@babel/polyfill": "^7.12.1",
      "axios": "^1.6.8",
      "bcryptjs": "^2.4.3",
      "cookie-parser": "^1.4.6",
      "dotenv": "^16.3.1",
      "express": "^4.18.2",
      "express-mongo-sanitize": "^2.2.0",
      "express-rate-limit": "^7.1.5",
      "helmet": "^7.1.0",
      "hpp": "^0.2.3",
      "jsonwebtoken": "^9.0.2",
      "mongoose": "^8.1.0",
      "morgan": "^1.10.0",
      "ndb": "^1.1.5",
      "nodemailer": "^6.9.9",
      "pug": "^3.0.2",
      "slugify": "^1.6.6",
      "validator": "^13.11.0",
      "xss-clean": "^0.1.4"
    },
    "devDependencies": {
      "eslint": "^8.56.0",
      "eslint-config-airbnb": "^19.0.4",
      "eslint-config-prettier": "^9.1.0",
      "eslint-plugin-import": "^2.29.1",
      "eslint-plugin-jsx-a11y": "^6.8.0",
      "eslint-plugin-node": "^11.1.0",
      "eslint-plugin-prettier": "^5.1.2",
      "eslint-plugin-react": "^7.33.2",
      "parcel-bundler": "^1.12.5",
      "prettier": "^3.1.1"
    }
  }

yarn manifest: 
  No manifest

Lockfile: 
  No lockfile
